{"/home/wsl/jsramverk/backend/index.js": {"path":"/home/wsl/jsramverk/backend/index.js","statementMap":{"0":{"start":{"line":1,"column":16},"end":{"line":1,"column":34}},"1":{"start":{"line":2,"column":15},"end":{"line":2,"column":32}},"2":{"start":{"line":3,"column":13},"end":{"line":3,"column":28}},"3":{"start":{"line":4,"column":13},"end":{"line":4,"column":41}},"4":{"start":{"line":5,"column":13},"end":{"line":5,"column":37}},"5":{"start":{"line":7,"column":19},"end":{"line":15,"column":1}},"6":{"start":{"line":8,"column":14},"end":{"line":8,"column":23}},"7":{"start":{"line":9,"column":2},"end":{"line":9,"column":18}},"8":{"start":{"line":10,"column":2},"end":{"line":10,"column":26}},"9":{"start":{"line":11,"column":2},"end":{"line":11,"column":25}},"10":{"start":{"line":13,"column":2},"end":{"line":13,"column":16}},"11":{"start":{"line":14,"column":2},"end":{"line":14,"column":12}},"12":{"start":{"line":17,"column":12},"end":{"line":17,"column":24}},"13":{"start":{"line":18,"column":0},"end":{"line":22,"column":3}},"14":{"start":{"line":19,"column":14},"end":{"line":19,"column":36}},"15":{"start":{"line":20,"column":2},"end":{"line":20,"column":19}},"16":{"start":{"line":21,"column":2},"end":{"line":21,"column":12}},"17":{"start":{"line":24,"column":0},"end":{"line":26,"column":3}},"18":{"start":{"line":25,"column":2},"end":{"line":25,"column":52}},"19":{"start":{"line":28,"column":0},"end":{"line":28,"column":27}}},"fnMap":{"0":{"name":"(anonymous_0)","decl":{"start":{"line":7,"column":19},"end":{"line":7,"column":20}},"loc":{"start":{"line":7,"column":25},"end":{"line":15,"column":1}},"line":7},"1":{"name":"(anonymous_1)","decl":{"start":{"line":18,"column":8},"end":{"line":18,"column":9}},"loc":{"start":{"line":18,"column":28},"end":{"line":22,"column":1}},"line":18},"2":{"name":"(anonymous_2)","decl":{"start":{"line":24,"column":17},"end":{"line":24,"column":18}},"loc":{"start":{"line":24,"column":23},"end":{"line":26,"column":1}},"line":24}},"branchMap":{"0":{"loc":{"start":{"line":5,"column":13},"end":{"line":5,"column":37}},"type":"binary-expr","locations":[{"start":{"line":5,"column":13},"end":{"line":5,"column":29}},{"start":{"line":5,"column":33},"end":{"line":5,"column":37}}],"line":5}},"s":{"0":1,"1":1,"2":1,"3":1,"4":1,"5":1,"6":2,"7":2,"8":2,"9":2,"10":2,"11":2,"12":1,"13":1,"14":0,"15":0,"16":0,"17":1,"18":1,"19":1},"f":{"0":2,"1":0,"2":1},"b":{"0":[1,1]},"_coverageSchema":"1a1c01bbd47fc00a2c39e90264f33305004495a9","hash":"563140adc9e08200115a514c28a873c56f7a3afa"}
,"/home/wsl/jsramverk/backend/src/db.js": {"path":"/home/wsl/jsramverk/backend/src/db.js","statementMap":{"0":{"start":{"line":1,"column":14},"end":{"line":1,"column":44}},"1":{"start":{"line":2,"column":15},"end":{"line":2,"column":34}},"2":{"start":{"line":3,"column":23},"end":{"line":3,"column":29}},"3":{"start":{"line":5,"column":17},"end":{"line":25,"column":1}},"4":{"start":{"line":7,"column":14},"end":{"line":7,"column":24}},"5":{"start":{"line":9,"column":4},"end":{"line":11,"column":5}},"6":{"start":{"line":10,"column":6},"end":{"line":10,"column":45}},"7":{"start":{"line":13,"column":19},"end":{"line":16,"column":6}},"8":{"start":{"line":17,"column":15},"end":{"line":17,"column":32}},"9":{"start":{"line":18,"column":23},"end":{"line":18,"column":58}},"10":{"start":{"line":20,"column":4},"end":{"line":23,"column":6}},"11":{"start":{"line":27,"column":0},"end":{"line":27,"column":26}}},"fnMap":{"0":{"name":"getDb","decl":{"start":{"line":6,"column":24},"end":{"line":6,"column":29}},"loc":{"start":{"line":6,"column":32},"end":{"line":24,"column":3}},"line":6}},"branchMap":{"0":{"loc":{"start":{"line":9,"column":4},"end":{"line":11,"column":5}},"type":"if","locations":[{"start":{"line":9,"column":4},"end":{"line":11,"column":5}},{"start":{},"end":{}}],"line":9}},"s":{"0":1,"1":1,"2":1,"3":1,"4":3,"5":3,"6":3,"7":3,"8":3,"9":3,"10":3,"11":1},"f":{"0":3},"b":{"0":[3,0]},"_coverageSchema":"1a1c01bbd47fc00a2c39e90264f33305004495a9","hash":"7de30ccfdf8edd7f1bd38616cedd2fbc91d0721f"}
,"/home/wsl/jsramverk/backend/src/config/index.js": {"path":"/home/wsl/jsramverk/backend/src/config/index.js","statementMap":{"0":{"start":{"line":1,"column":0},"end":{"line":1,"column":26}},"1":{"start":{"line":3,"column":0},"end":{"line":5,"column":1}}},"fnMap":{},"branchMap":{},"s":{"0":1,"1":1},"f":{},"b":{},"_coverageSchema":"1a1c01bbd47fc00a2c39e90264f33305004495a9","hash":"15ab5350c44691c46ea9c9b0e5cb3a13a857af77"}
,"/home/wsl/jsramverk/backend/src/routes/docs.js": {"path":"/home/wsl/jsramverk/backend/src/routes/docs.js","statementMap":{"0":{"start":{"line":1,"column":16},"end":{"line":1,"column":34}},"1":{"start":{"line":2,"column":17},"end":{"line":2,"column":36}},"2":{"start":{"line":3,"column":17},"end":{"line":3,"column":44}},"3":{"start":{"line":4,"column":12},"end":{"line":4,"column":28}},"4":{"start":{"line":6,"column":0},"end":{"line":29,"column":3}},"5":{"start":{"line":7,"column":2},"end":{"line":28,"column":3}},"6":{"start":{"line":8,"column":27},"end":{"line":8,"column":35}},"7":{"start":{"line":9,"column":4},"end":{"line":13,"column":5}},"8":{"start":{"line":10,"column":6},"end":{"line":12,"column":9}},"9":{"start":{"line":14,"column":16},"end":{"line":17,"column":5}},"10":{"start":{"line":18,"column":15},"end":{"line":18,"column":56}},"11":{"start":{"line":20,"column":4},"end":{"line":20,"column":28}},"12":{"start":{"line":21,"column":4},"end":{"line":23,"column":7}},"13":{"start":{"line":25,"column":4},"end":{"line":27,"column":7}},"14":{"start":{"line":31,"column":0},"end":{"line":57,"column":3}},"15":{"start":{"line":32,"column":2},"end":{"line":56,"column":3}},"16":{"start":{"line":33,"column":31},"end":{"line":33,"column":39}},"17":{"start":{"line":34,"column":4},"end":{"line":38,"column":5}},"18":{"start":{"line":35,"column":6},"end":{"line":37,"column":9}},"19":{"start":{"line":40,"column":19},"end":{"line":40,"column":40}},"20":{"start":{"line":42,"column":15},"end":{"line":42,"column":56}},"21":{"start":{"line":44,"column":4},"end":{"line":46,"column":7}},"22":{"start":{"line":48,"column":4},"end":{"line":50,"column":7}},"23":{"start":{"line":52,"column":4},"end":{"line":52,"column":28}},"24":{"start":{"line":53,"column":4},"end":{"line":55,"column":7}},"25":{"start":{"line":59,"column":0},"end":{"line":71,"column":3}},"26":{"start":{"line":60,"column":2},"end":{"line":70,"column":3}},"27":{"start":{"line":61,"column":15},"end":{"line":61,"column":37}},"28":{"start":{"line":62,"column":22},"end":{"line":62,"column":60}},"29":{"start":{"line":64,"column":4},"end":{"line":64,"column":24}},"30":{"start":{"line":66,"column":4},"end":{"line":66,"column":28}},"31":{"start":{"line":67,"column":4},"end":{"line":69,"column":7}},"32":{"start":{"line":73,"column":0},"end":{"line":73,"column":21}}},"fnMap":{"0":{"name":"(anonymous_0)","decl":{"start":{"line":6,"column":17},"end":{"line":6,"column":18}},"loc":{"start":{"line":6,"column":37},"end":{"line":29,"column":1}},"line":6},"1":{"name":"(anonymous_1)","decl":{"start":{"line":31,"column":16},"end":{"line":31,"column":17}},"loc":{"start":{"line":31,"column":36},"end":{"line":57,"column":1}},"line":31},"2":{"name":"(anonymous_2)","decl":{"start":{"line":59,"column":16},"end":{"line":59,"column":17}},"loc":{"start":{"line":59,"column":36},"end":{"line":71,"column":1}},"line":59}},"branchMap":{"0":{"loc":{"start":{"line":9,"column":4},"end":{"line":13,"column":5}},"type":"if","locations":[{"start":{"line":9,"column":4},"end":{"line":13,"column":5}},{"start":{},"end":{}}],"line":9},"1":{"loc":{"start":{"line":9,"column":8},"end":{"line":9,"column":22}},"type":"binary-expr","locations":[{"start":{"line":9,"column":8},"end":{"line":9,"column":13}},{"start":{"line":9,"column":17},"end":{"line":9,"column":22}}],"line":9},"2":{"loc":{"start":{"line":34,"column":4},"end":{"line":38,"column":5}},"type":"if","locations":[{"start":{"line":34,"column":4},"end":{"line":38,"column":5}},{"start":{},"end":{}}],"line":34},"3":{"loc":{"start":{"line":34,"column":8},"end":{"line":34,"column":29}},"type":"binary-expr","locations":[{"start":{"line":34,"column":8},"end":{"line":34,"column":13}},{"start":{"line":34,"column":17},"end":{"line":34,"column":22}},{"start":{"line":34,"column":26},"end":{"line":34,"column":29}}],"line":34}},"s":{"0":1,"1":1,"2":1,"3":1,"4":1,"5":3,"6":3,"7":3,"8":1,"9":2,"10":2,"11":2,"12":2,"13":0,"14":1,"15":0,"16":0,"17":0,"18":0,"19":0,"20":0,"21":0,"22":0,"23":0,"24":0,"25":1,"26":1,"27":1,"28":1,"29":1,"30":0,"31":0,"32":1},"f":{"0":3,"1":0,"2":1},"b":{"0":[1,2],"1":[3,3],"2":[0,0],"3":[0,0,0]},"_coverageSchema":"1a1c01bbd47fc00a2c39e90264f33305004495a9","hash":"e75d5f5ccf888e69080ac3da9128a7dc54ea1fd3"}
}
