TN:
SF:index.js
FN:7,(anonymous_0)
FN:18,(anonymous_1)
FN:24,(anonymous_2)
FNF:3
FNH:2
FNDA:2,(anonymous_0)
FNDA:0,(anonymous_1)
FNDA:1,(anonymous_2)
DA:1,1
DA:2,1
DA:3,1
DA:4,1
DA:5,1
DA:7,1
DA:8,2
DA:9,2
DA:10,2
DA:11,2
DA:13,2
DA:14,2
DA:17,1
DA:18,1
DA:19,0
DA:20,0
DA:21,0
DA:24,1
DA:25,1
DA:28,1
LF:20
LH:17
BRDA:5,0,0,1
BRDA:5,0,1,1
BRF:2
BRH:2
end_of_record
TN:
SF:src/db.js
FN:6,getDb
FNF:1
FNH:1
FNDA:3,getDb
DA:1,1
DA:2,1
DA:3,1
DA:5,1
DA:7,3
DA:9,3
DA:10,3
DA:13,3
DA:17,3
DA:18,3
DA:20,3
DA:27,1
LF:12
LH:12
BRDA:9,0,0,3
BRDA:9,0,1,0
BRF:2
BRH:1
end_of_record
TN:
SF:src/config/index.js
FNF:0
FNH:0
DA:1,1
DA:3,1
LF:2
LH:2
BRF:0
BRH:0
end_of_record
TN:
SF:src/routes/docs.js
FN:6,(anonymous_0)
FN:31,(anonymous_1)
FN:59,(anonymous_2)
FNF:3
FNH:2
FNDA:3,(anonymous_0)
FNDA:0,(anonymous_1)
FNDA:1,(anonymous_2)
DA:1,1
DA:2,1
DA:3,1
DA:4,1
DA:6,1
DA:7,3
DA:8,3
DA:9,3
DA:10,1
DA:14,2
DA:18,2
DA:20,2
DA:21,2
DA:25,0
DA:31,1
DA:32,0
DA:33,0
DA:34,0
DA:35,0
DA:40,0
DA:42,0
DA:44,0
DA:48,0
DA:52,0
DA:53,0
DA:59,1
DA:60,1
DA:61,1
DA:62,1
DA:64,1
DA:66,0
DA:67,0
DA:73,1
LF:33
LH:20
BRDA:9,0,0,1
BRDA:9,0,1,2
BRDA:9,1,0,3
BRDA:9,1,1,3
BRDA:34,2,0,0
BRDA:34,2,1,0
BRDA:34,3,0,0
BRDA:34,3,1,0
BRDA:34,3,2,0
BRF:9
BRH:4
end_of_record
